{"/Users/killianouzet/Developer/CoursIUT/DevAvance/realtime-elo-ranker-master/apps/realtime-elo-ranker-server/src/app.controller.ts": {"path":"/Users/killianouzet/Developer/CoursIUT/DevAvance/realtime-elo-ranker-master/apps/realtime-elo-ranker-server/src/app.controller.ts","statementMap":{"0":{"start":{"line":1,"column":0},"end":{"line":1,"column":49}},"1":{"start":{"line":2,"column":0},"end":{"line":2,"column":43}},"2":{"start":{"line":5,"column":7},"end":{"line":12,"column":null}},"3":{"start":{"line":6,"column":31},"end":{"line":6,"column":43}},"4":{"start":{"line":10,"column":4},"end":{"line":10,"column":38}},"5":{"start":{"line":5,"column":13},"end":{"line":5,"column":26}},"6":{"start":{"line":9,"column":2},"end":{"line":11,"column":null}},"7":{"start":{"line":5,"column":13},"end":{"line":12,"column":null}}},"fnMap":{"0":{"name":"(anonymous_2)","decl":{"start":{"line":6,"column":2},"end":{"line":6,"column":31}},"loc":{"start":{"line":6,"column":53},"end":{"line":6,"column":57}}},"1":{"name":"(anonymous_3)","decl":{"start":{"line":9,"column":2},"end":{"line":9,"column":10}},"loc":{"start":{"line":9,"column":10},"end":{"line":11,"column":3}}}},"branchMap":{},"s":{"0":1,"1":1,"2":1,"3":1,"4":1,"5":1,"6":1,"7":1},"f":{"0":1,"1":1},"b":{}}
,"/Users/killianouzet/Developer/CoursIUT/DevAvance/realtime-elo-ranker-master/apps/realtime-elo-ranker-server/src/app.module.ts": {"path":"/Users/killianouzet/Developer/CoursIUT/DevAvance/realtime-elo-ranker-master/apps/realtime-elo-ranker-server/src/app.module.ts","statementMap":{"0":{"start":{"line":1,"column":0},"end":{"line":1,"column":40}},"1":{"start":{"line":2,"column":0},"end":{"line":2,"column":49}},"2":{"start":{"line":3,"column":0},"end":{"line":3,"column":43}},"3":{"start":{"line":4,"column":0},"end":{"line":4,"column":54}},"4":{"start":{"line":5,"column":0},"end":{"line":5,"column":48}},"5":{"start":{"line":6,"column":0},"end":{"line":6,"column":57}},"6":{"start":{"line":7,"column":0},"end":{"line":7,"column":51}},"7":{"start":{"line":8,"column":0},"end":{"line":8,"column":57}},"8":{"start":{"line":9,"column":0},"end":{"line":9,"column":85}},"9":{"start":{"line":27,"column":7},"end":{"line":27,"column":null}},"10":{"start":{"line":27,"column":13},"end":{"line":27,"column":22}},"11":{"start":{"line":27,"column":13},"end":{"line":27,"column":null}}},"fnMap":{},"branchMap":{},"s":{"0":0,"1":0,"2":0,"3":0,"4":0,"5":0,"6":0,"7":0,"8":0,"9":0,"10":0,"11":0},"f":{},"b":{}}
,"/Users/killianouzet/Developer/CoursIUT/DevAvance/realtime-elo-ranker-master/apps/realtime-elo-ranker-server/src/app.service.ts": {"path":"/Users/killianouzet/Developer/CoursIUT/DevAvance/realtime-elo-ranker-master/apps/realtime-elo-ranker-server/src/app.service.ts","statementMap":{"0":{"start":{"line":1,"column":0},"end":{"line":1,"column":44}},"1":{"start":{"line":4,"column":7},"end":{"line":8,"column":null}},"2":{"start":{"line":6,"column":4},"end":{"line":6,"column":26}},"3":{"start":{"line":4,"column":13},"end":{"line":4,"column":23}},"4":{"start":{"line":4,"column":13},"end":{"line":8,"column":null}}},"fnMap":{"0":{"name":"(anonymous_1)","decl":{"start":{"line":5,"column":2},"end":{"line":5,"column":10}},"loc":{"start":{"line":5,"column":10},"end":{"line":7,"column":3}}}},"branchMap":{},"s":{"0":1,"1":1,"2":1,"3":1,"4":1},"f":{"0":1},"b":{}}
,"/Users/killianouzet/Developer/CoursIUT/DevAvance/realtime-elo-ranker-master/apps/realtime-elo-ranker-server/src/main.ts": {"path":"/Users/killianouzet/Developer/CoursIUT/DevAvance/realtime-elo-ranker-master/apps/realtime-elo-ranker-server/src/main.ts","statementMap":{"0":{"start":{"line":1,"column":0},"end":{"line":1,"column":43}},"1":{"start":{"line":2,"column":0},"end":{"line":2,"column":41}},"2":{"start":{"line":5,"column":14},"end":{"line":5,"column":49}},"3":{"start":{"line":6,"column":2},"end":{"line":6,"column":19}},"4":{"start":{"line":7,"column":2},"end":{"line":7,"column":45}},"5":{"start":{"line":9,"column":0},"end":{"line":9,"column":12}}},"fnMap":{"0":{"name":"bootstrap","decl":{"start":{"line":4,"column":15},"end":{"line":4,"column":24}},"loc":{"start":{"line":4,"column":24},"end":{"line":8,"column":1}}}},"branchMap":{"0":{"loc":{"start":{"line":7,"column":19},"end":{"line":7,"column":43}},"type":"binary-expr","locations":[{"start":{"line":7,"column":19},"end":{"line":7,"column":35}},{"start":{"line":7,"column":39},"end":{"line":7,"column":43}}]}},"s":{"0":0,"1":0,"2":0,"3":0,"4":0,"5":0},"f":{"0":0},"b":{"0":[0,0]}}
,"/Users/killianouzet/Developer/CoursIUT/DevAvance/realtime-elo-ranker-master/apps/realtime-elo-ranker-server/src/match/match.controller.ts": {"path":"/Users/killianouzet/Developer/CoursIUT/DevAvance/realtime-elo-ranker-master/apps/realtime-elo-ranker-server/src/match/match.controller.ts","statementMap":{"0":{"start":{"line":1,"column":0},"end":{"line":1,"column":null}},"1":{"start":{"line":7,"column":0},"end":{"line":7,"column":47}},"2":{"start":{"line":8,"column":0},"end":{"line":8,"column":58}},"3":{"start":{"line":11,"column":7},"end":{"line":28,"column":null}},"4":{"start":{"line":12,"column":31},"end":{"line":12,"column":45}},"5":{"start":{"line":16,"column":4},"end":{"line":26,"column":5}},"6":{"start":{"line":17,"column":20},"end":{"line":17,"column":69}},"7":{"start":{"line":18,"column":6},"end":{"line":18,"column":19}},"8":{"start":{"line":20,"column":6},"end":{"line":25,"column":7}},"9":{"start":{"line":21,"column":8},"end":{"line":24,"column":11}},"10":{"start":{"line":11,"column":13},"end":{"line":11,"column":28}},"11":{"start":{"line":15,"column":2},"end":{"line":27,"column":null}},"12":{"start":{"line":11,"column":13},"end":{"line":28,"column":null}}},"fnMap":{"0":{"name":"(anonymous_4)","decl":{"start":{"line":12,"column":2},"end":{"line":12,"column":31}},"loc":{"start":{"line":12,"column":57},"end":{"line":12,"column":61}}},"1":{"name":"(anonymous_5)","decl":{"start":{"line":15,"column":2},"end":{"line":15,"column":9}},"loc":{"start":{"line":15,"column":50},"end":{"line":27,"column":3}}}},"branchMap":{"0":{"loc":{"start":{"line":20,"column":6},"end":{"line":25,"column":7}},"type":"if","locations":[{"start":{"line":20,"column":6},"end":{"line":25,"column":7}}]}},"s":{"0":1,"1":1,"2":1,"3":1,"4":2,"5":1,"6":1,"7":1,"8":0,"9":0,"10":1,"11":1,"12":1},"f":{"0":2,"1":1},"b":{"0":[0]}}
,"/Users/killianouzet/Developer/CoursIUT/DevAvance/realtime-elo-ranker-master/apps/realtime-elo-ranker-server/src/match/match.module.ts": {"path":"/Users/killianouzet/Developer/CoursIUT/DevAvance/realtime-elo-ranker-master/apps/realtime-elo-ranker-server/src/match/match.module.ts","statementMap":{"0":{"start":{"line":1,"column":0},"end":{"line":1,"column":40}},"1":{"start":{"line":2,"column":0},"end":{"line":2,"column":47}},"2":{"start":{"line":3,"column":0},"end":{"line":3,"column":53}},"3":{"start":{"line":4,"column":0},"end":{"line":4,"column":55}},"4":{"start":{"line":11,"column":7},"end":{"line":11,"column":null}},"5":{"start":{"line":11,"column":13},"end":{"line":11,"column":24}},"6":{"start":{"line":11,"column":13},"end":{"line":11,"column":null}}},"fnMap":{},"branchMap":{},"s":{"0":0,"1":0,"2":0,"3":0,"4":0,"5":0,"6":0},"f":{},"b":{}}
,"/Users/killianouzet/Developer/CoursIUT/DevAvance/realtime-elo-ranker-master/apps/realtime-elo-ranker-server/src/match/match.service.ts": {"path":"/Users/killianouzet/Developer/CoursIUT/DevAvance/realtime-elo-ranker-master/apps/realtime-elo-ranker-server/src/match/match.service.ts","statementMap":{"0":{"start":{"line":1,"column":0},"end":{"line":1,"column":59}},"1":{"start":{"line":2,"column":0},"end":{"line":2,"column":74}},"2":{"start":{"line":6,"column":7},"end":{"line":71,"column":null}},"3":{"start":{"line":7,"column":22},"end":{"line":7,"column":37}},"4":{"start":{"line":10,"column":55},"end":{"line":10,"column":70}},"5":{"start":{"line":12,"column":19},"end":{"line":12,"column":67}},"6":{"start":{"line":13,"column":18},"end":{"line":13,"column":65}},"7":{"start":{"line":15,"column":4},"end":{"line":17,"column":5}},"8":{"start":{"line":16,"column":6},"end":{"line":16,"column":76}},"9":{"start":{"line":19,"column":44},"end":{"line":22,"column":null}},"10":{"start":{"line":25,"column":26},"end":{"line":27,"column":null}},"11":{"start":{"line":29,"column":25},"end":{"line":31,"column":null}},"12":{"start":{"line":34,"column":4},"end":{"line":38,"column":6}},"13":{"start":{"line":53,"column":14},"end":{"line":53,"column":16}},"14":{"start":{"line":55,"column":6},"end":{"line":55,"column":60}},"15":{"start":{"line":57,"column":6},"end":{"line":57,"column":60}},"16":{"start":{"line":61,"column":4},"end":{"line":67,"column":5}},"17":{"start":{"line":62,"column":6},"end":{"line":62,"column":74}},"18":{"start":{"line":63,"column":6},"end":{"line":63,"column":71}},"19":{"start":{"line":65,"column":6},"end":{"line":65,"column":72}},"20":{"start":{"line":66,"column":6},"end":{"line":66,"column":69}},"21":{"start":{"line":69,"column":4},"end":{"line":69,"column":43}},"22":{"start":{"line":6,"column":13},"end":{"line":6,"column":25}},"23":{"start":{"line":6,"column":13},"end":{"line":71,"column":null}}},"fnMap":{"0":{"name":"(anonymous_2)","decl":{"start":{"line":7,"column":2},"end":{"line":7,"column":22}},"loc":{"start":{"line":7,"column":50},"end":{"line":7,"column":54}}},"1":{"name":"(anonymous_3)","decl":{"start":{"line":9,"column":2},"end":{"line":9,"column":7}},"loc":{"start":{"line":9,"column":55},"end":{"line":39,"column":3}}},"2":{"name":"(anonymous_4)","decl":{"start":{"line":48,"column":10},"end":{"line":48,"column":22}},"loc":{"start":{"line":51,"column":25},"end":{"line":70,"column":3}}}},"branchMap":{"0":{"loc":{"start":{"line":15,"column":4},"end":{"line":17,"column":5}},"type":"if","locations":[{"start":{"line":15,"column":4},"end":{"line":17,"column":5}}]},"1":{"loc":{"start":{"line":15,"column":8},"end":{"line":15,"column":25}},"type":"binary-expr","locations":[{"start":{"line":15,"column":8},"end":{"line":15,"column":15}},{"start":{"line":15,"column":19},"end":{"line":15,"column":25}}]},"2":{"loc":{"start":{"line":51,"column":4},"end":{"line":51,"column":25}},"type":"default-arg","locations":[{"start":{"line":51,"column":20},"end":{"line":51,"column":25}}]},"3":{"loc":{"start":{"line":61,"column":4},"end":{"line":67,"column":5}},"type":"if","locations":[{"start":{"line":61,"column":4},"end":{"line":67,"column":5}},{"start":{"line":64,"column":11},"end":{"line":67,"column":5}}]}},"s":{"0":2,"1":2,"2":2,"3":5,"4":2,"5":2,"6":2,"7":2,"8":1,"9":1,"10":1,"11":1,"12":1,"13":3,"14":3,"15":3,"16":3,"17":1,"18":1,"19":2,"20":2,"21":3,"22":2,"23":2},"f":{"0":5,"1":2,"2":3},"b":{"0":[1],"1":[2,1],"2":[0],"3":[1,2]}}
,"/Users/killianouzet/Developer/CoursIUT/DevAvance/realtime-elo-ranker-master/apps/realtime-elo-ranker-server/src/match/dto/publish-match.dto.ts": {"path":"/Users/killianouzet/Developer/CoursIUT/DevAvance/realtime-elo-ranker-master/apps/realtime-elo-ranker-server/src/match/dto/publish-match.dto.ts","statementMap":{"0":{"start":{"line":1,"column":0},"end":{"line":1,"column":13}}},"fnMap":{},"branchMap":{},"s":{"0":1},"f":{},"b":{}}
,"/Users/killianouzet/Developer/CoursIUT/DevAvance/realtime-elo-ranker-master/apps/realtime-elo-ranker-server/src/match/dto/update-match.dto.ts": {"path":"/Users/killianouzet/Developer/CoursIUT/DevAvance/realtime-elo-ranker-master/apps/realtime-elo-ranker-server/src/match/dto/update-match.dto.ts","statementMap":{"0":{"start":{"line":1,"column":0},"end":{"line":1,"column":51}},"1":{"start":{"line":2,"column":0},"end":{"line":2,"column":54}},"2":{"start":{"line":4,"column":0},"end":{"line":4,"column":13}}},"fnMap":{},"branchMap":{},"s":{"0":0,"1":0,"2":0},"f":{},"b":{}}
,"/Users/killianouzet/Developer/CoursIUT/DevAvance/realtime-elo-ranker-master/apps/realtime-elo-ranker-server/src/match/entities/match.entity.ts": {"path":"/Users/killianouzet/Developer/CoursIUT/DevAvance/realtime-elo-ranker-master/apps/realtime-elo-ranker-server/src/match/entities/match.entity.ts","statementMap":{"0":{"start":{"line":1,"column":0},"end":{"line":1,"column":63}},"1":{"start":{"line":2,"column":0},"end":{"line":2,"column":65}},"2":{"start":{"line":5,"column":7},"end":{"line":17,"column":null}},"3":{"start":{"line":5,"column":13},"end":{"line":5,"column":18}},"4":{"start":{"line":7,"column":2},"end":{"line":7,"column":null}},"5":{"start":{"line":10,"column":2},"end":{"line":10,"column":null}},"6":{"start":{"line":9,"column":16},"end":{"line":9,"column":22}},"7":{"start":{"line":13,"column":2},"end":{"line":13,"column":null}},"8":{"start":{"line":12,"column":16},"end":{"line":12,"column":22}},"9":{"start":{"line":16,"column":2},"end":{"line":16,"column":null}},"10":{"start":{"line":5,"column":13},"end":{"line":17,"column":null}}},"fnMap":{"0":{"name":"(anonymous_2)","decl":{"start":{"line":9,"column":10},"end":{"line":9,"column":13}},"loc":{"start":{"line":9,"column":16},"end":{"line":9,"column":22}}},"1":{"name":"(anonymous_3)","decl":{"start":{"line":12,"column":10},"end":{"line":12,"column":13}},"loc":{"start":{"line":12,"column":16},"end":{"line":12,"column":22}}}},"branchMap":{},"s":{"0":0,"1":0,"2":0,"3":0,"4":0,"5":0,"6":0,"7":0,"8":0,"9":0,"10":0},"f":{"0":0,"1":0},"b":{}}
,"/Users/killianouzet/Developer/CoursIUT/DevAvance/realtime-elo-ranker-master/apps/realtime-elo-ranker-server/src/player/player.controller.ts": {"path":"/Users/killianouzet/Developer/CoursIUT/DevAvance/realtime-elo-ranker-master/apps/realtime-elo-ranker-server/src/player/player.controller.ts","statementMap":{"0":{"start":{"line":1,"column":0},"end":{"line":1,"column":null}},"1":{"start":{"line":12,"column":0},"end":{"line":12,"column":49}},"2":{"start":{"line":13,"column":0},"end":{"line":13,"column":58}},"3":{"start":{"line":17,"column":7},"end":{"line":49,"column":null}},"4":{"start":{"line":18,"column":31},"end":{"line":18,"column":46}},"5":{"start":{"line":22,"column":4},"end":{"line":37,"column":5}},"6":{"start":{"line":23,"column":21},"end":{"line":23,"column":63}},"7":{"start":{"line":24,"column":6},"end":{"line":24,"column":20}},"8":{"start":{"line":26,"column":6},"end":{"line":36,"column":7}},"9":{"start":{"line":27,"column":8},"end":{"line":30,"column":11}},"10":{"start":{"line":31,"column":13},"end":{"line":36,"column":7}},"11":{"start":{"line":32,"column":8},"end":{"line":35,"column":11}},"12":{"start":{"line":42,"column":4},"end":{"line":42,"column":40}},"13":{"start":{"line":47,"column":4},"end":{"line":47,"column":48}},"14":{"start":{"line":17,"column":13},"end":{"line":17,"column":29}},"15":{"start":{"line":21,"column":2},"end":{"line":38,"column":null}},"16":{"start":{"line":41,"column":2},"end":{"line":43,"column":null}},"17":{"start":{"line":46,"column":2},"end":{"line":48,"column":null}},"18":{"start":{"line":17,"column":13},"end":{"line":49,"column":null}}},"fnMap":{"0":{"name":"(anonymous_4)","decl":{"start":{"line":18,"column":2},"end":{"line":18,"column":31}},"loc":{"start":{"line":18,"column":59},"end":{"line":18,"column":63}}},"1":{"name":"(anonymous_5)","decl":{"start":{"line":21,"column":2},"end":{"line":21,"column":14}},"loc":{"start":{"line":21,"column":55},"end":{"line":38,"column":3}}},"2":{"name":"(anonymous_6)","decl":{"start":{"line":41,"column":2},"end":{"line":41,"column":9}},"loc":{"start":{"line":41,"column":9},"end":{"line":43,"column":3}}},"3":{"name":"(anonymous_7)","decl":{"start":{"line":46,"column":2},"end":{"line":46,"column":9}},"loc":{"start":{"line":46,"column":33},"end":{"line":48,"column":3}}}},"branchMap":{"0":{"loc":{"start":{"line":26,"column":6},"end":{"line":36,"column":7}},"type":"if","locations":[{"start":{"line":26,"column":6},"end":{"line":36,"column":7}},{"start":{"line":31,"column":13},"end":{"line":36,"column":7}}]},"1":{"loc":{"start":{"line":31,"column":13},"end":{"line":36,"column":7}},"type":"if","locations":[{"start":{"line":31,"column":13},"end":{"line":36,"column":7}}]}},"s":{"0":1,"1":1,"2":1,"3":1,"4":4,"5":1,"6":1,"7":1,"8":0,"9":0,"10":0,"11":0,"12":1,"13":1,"14":1,"15":1,"16":1,"17":1,"18":1},"f":{"0":4,"1":1,"2":1,"3":1},"b":{"0":[0,0],"1":[0]}}
,"/Users/killianouzet/Developer/CoursIUT/DevAvance/realtime-elo-ranker-master/apps/realtime-elo-ranker-server/src/player/player.module.ts": {"path":"/Users/killianouzet/Developer/CoursIUT/DevAvance/realtime-elo-ranker-master/apps/realtime-elo-ranker-server/src/player/player.module.ts","statementMap":{"0":{"start":{"line":1,"column":0},"end":{"line":1,"column":40}},"1":{"start":{"line":2,"column":0},"end":{"line":2,"column":49}},"2":{"start":{"line":3,"column":0},"end":{"line":3,"column":55}},"3":{"start":{"line":4,"column":0},"end":{"line":4,"column":50}},"4":{"start":{"line":5,"column":0},"end":{"line":5,"column":48}},"5":{"start":{"line":6,"column":0},"end":{"line":6,"column":59}},"6":{"start":{"line":14,"column":7},"end":{"line":14,"column":null}},"7":{"start":{"line":14,"column":13},"end":{"line":14,"column":25}},"8":{"start":{"line":14,"column":13},"end":{"line":14,"column":null}}},"fnMap":{},"branchMap":{},"s":{"0":0,"1":0,"2":0,"3":0,"4":0,"5":0,"6":0,"7":0,"8":0},"f":{},"b":{}}
,"/Users/killianouzet/Developer/CoursIUT/DevAvance/realtime-elo-ranker-master/apps/realtime-elo-ranker-server/src/player/player.service.ts": {"path":"/Users/killianouzet/Developer/CoursIUT/DevAvance/realtime-elo-ranker-master/apps/realtime-elo-ranker-server/src/player/player.service.ts","statementMap":{"0":{"start":{"line":1,"column":0},"end":{"line":1,"column":null}},"1":{"start":{"line":9,"column":0},"end":{"line":9,"column":51}},"2":{"start":{"line":10,"column":0},"end":{"line":10,"column":37}},"3":{"start":{"line":11,"column":0},"end":{"line":11,"column":50}},"4":{"start":{"line":12,"column":0},"end":{"line":12,"column":60}},"5":{"start":{"line":15,"column":7},"end":{"line":100,"column":null}},"6":{"start":{"line":18,"column":12},"end":{"line":18,"column":30}},"7":{"start":{"line":19,"column":12},"end":{"line":19,"column":28}},"8":{"start":{"line":23,"column":4},"end":{"line":30,"column":5}},"9":{"start":{"line":24,"column":22},"end":{"line":24,"column":42}},"10":{"start":{"line":25,"column":6},"end":{"line":25,"column":46}},"11":{"start":{"line":27,"column":6},"end":{"line":29,"column":8}},"12":{"start":{"line":34,"column":4},"end":{"line":36,"column":5}},"13":{"start":{"line":35,"column":6},"end":{"line":35,"column":80}},"14":{"start":{"line":37,"column":27},"end":{"line":39,"column":6}},"15":{"start":{"line":40,"column":4},"end":{"line":42,"column":5}},"16":{"start":{"line":41,"column":6},"end":{"line":41,"column":59}},"17":{"start":{"line":43,"column":21},"end":{"line":43,"column":78}},"18":{"start":{"line":44,"column":19},"end":{"line":47,"column":6}},"19":{"start":{"line":48,"column":4},"end":{"line":48,"column":42}},"20":{"start":{"line":49,"column":4},"end":{"line":49,"column":52}},"21":{"start":{"line":53,"column":19},"end":{"line":53,"column":77}},"22":{"start":{"line":54,"column":4},"end":{"line":56,"column":5}},"23":{"start":{"line":55,"column":6},"end":{"line":55,"column":56}},"24":{"start":{"line":57,"column":4},"end":{"line":57,"column":18}},"25":{"start":{"line":61,"column":19},"end":{"line":61,"column":47}},"26":{"start":{"line":62,"column":4},"end":{"line":64,"column":5}},"27":{"start":{"line":63,"column":6},"end":{"line":63,"column":56}},"28":{"start":{"line":65,"column":4},"end":{"line":65,"column":26}},"29":{"start":{"line":66,"column":4},"end":{"line":66,"column":49}},"30":{"start":{"line":67,"column":4},"end":{"line":67,"column":46}},"31":{"start":{"line":71,"column":20},"end":{"line":71,"column":54}},"32":{"start":{"line":72,"column":4},"end":{"line":74,"column":5}},"33":{"start":{"line":73,"column":6},"end":{"line":73,"column":17}},"34":{"start":{"line":75,"column":22},"end":{"line":75,"column":75}},"35":{"start":{"line":75,"column":54},"end":{"line":75,"column":71}},"36":{"start":{"line":76,"column":4},"end":{"line":76,"column":50}},"37":{"start":{"line":80,"column":20},"end":{"line":80,"column":54}},"38":{"start":{"line":81,"column":4},"end":{"line":85,"column":5}},"39":{"start":{"line":82,"column":6},"end":{"line":84,"column":8}},"40":{"start":{"line":86,"column":4},"end":{"line":86,"column":19}},"41":{"start":{"line":90,"column":4},"end":{"line":90,"column":49}},"42":{"start":{"line":94,"column":4},"end":{"line":94,"column":49}},"43":{"start":{"line":98,"column":4},"end":{"line":98,"column":49}},"44":{"start":{"line":15,"column":13},"end":{"line":15,"column":26}},"45":{"start":{"line":15,"column":13},"end":{"line":100,"column":null}}},"fnMap":{"0":{"name":"(anonymous_4)","decl":{"start":{"line":16,"column":2},"end":{"line":16,"column":null}},"loc":{"start":{"line":19,"column":42},"end":{"line":20,"column":6}}},"1":{"name":"(anonymous_5)","decl":{"start":{"line":22,"column":2},"end":{"line":22,"column":7}},"loc":{"start":{"line":22,"column":20},"end":{"line":31,"column":3}}},"2":{"name":"(anonymous_6)","decl":{"start":{"line":33,"column":2},"end":{"line":33,"column":7}},"loc":{"start":{"line":33,"column":47},"end":{"line":50,"column":3}}},"3":{"name":"(anonymous_7)","decl":{"start":{"line":52,"column":2},"end":{"line":52,"column":7}},"loc":{"start":{"line":52,"column":32},"end":{"line":58,"column":3}}},"4":{"name":"(anonymous_8)","decl":{"start":{"line":60,"column":2},"end":{"line":60,"column":7}},"loc":{"start":{"line":60,"column":52},"end":{"line":68,"column":3}}},"5":{"name":"(anonymous_9)","decl":{"start":{"line":70,"column":2},"end":{"line":70,"column":7}},"loc":{"start":{"line":70,"column":22},"end":{"line":77,"column":3}}},"6":{"name":"(anonymous_10)","decl":{"start":{"line":75,"column":37},"end":{"line":75,"column":38}},"loc":{"start":{"line":75,"column":54},"end":{"line":75,"column":71}}},"7":{"name":"(anonymous_11)","decl":{"start":{"line":79,"column":2},"end":{"line":79,"column":7}},"loc":{"start":{"line":79,"column":15},"end":{"line":87,"column":3}}},"8":{"name":"(anonymous_12)","decl":{"start":{"line":89,"column":2},"end":{"line":89,"column":9}},"loc":{"start":{"line":89,"column":20},"end":{"line":91,"column":3}}},"9":{"name":"(anonymous_13)","decl":{"start":{"line":93,"column":2},"end":{"line":93,"column":8}},"loc":{"start":{"line":93,"column":53},"end":{"line":95,"column":3}}},"10":{"name":"(anonymous_14)","decl":{"start":{"line":97,"column":2},"end":{"line":97,"column":8}},"loc":{"start":{"line":97,"column":19},"end":{"line":99,"column":3}}}},"branchMap":{"0":{"loc":{"start":{"line":34,"column":4},"end":{"line":36,"column":5}},"type":"if","locations":[{"start":{"line":34,"column":4},"end":{"line":36,"column":5}}]},"1":{"loc":{"start":{"line":40,"column":4},"end":{"line":42,"column":5}},"type":"if","locations":[{"start":{"line":40,"column":4},"end":{"line":42,"column":5}}]},"2":{"loc":{"start":{"line":43,"column":21},"end":{"line":43,"column":78}},"type":"binary-expr","locations":[{"start":{"line":43,"column":21},"end":{"line":43,"column":45}},{"start":{"line":43,"column":50},"end":{"line":43,"column":77}}]},"3":{"loc":{"start":{"line":54,"column":4},"end":{"line":56,"column":5}},"type":"if","locations":[{"start":{"line":54,"column":4},"end":{"line":56,"column":5}}]},"4":{"loc":{"start":{"line":62,"column":4},"end":{"line":64,"column":5}},"type":"if","locations":[{"start":{"line":62,"column":4},"end":{"line":64,"column":5}}]},"5":{"loc":{"start":{"line":72,"column":4},"end":{"line":74,"column":5}},"type":"if","locations":[{"start":{"line":72,"column":4},"end":{"line":74,"column":5}}]},"6":{"loc":{"start":{"line":81,"column":4},"end":{"line":85,"column":5}},"type":"if","locations":[{"start":{"line":81,"column":4},"end":{"line":85,"column":5}}]}},"s":{"0":4,"1":4,"2":4,"3":4,"4":4,"5":4,"6":12,"7":12,"8":1,"9":1,"10":1,"11":0,"12":2,"13":0,"14":2,"15":2,"16":1,"17":1,"18":1,"19":1,"20":1,"21":4,"22":4,"23":2,"24":2,"25":2,"26":1,"27":0,"28":1,"29":1,"30":1,"31":2,"32":2,"33":1,"34":1,"35":2,"36":1,"37":2,"38":2,"39":1,"40":1,"41":0,"42":0,"43":0,"44":4,"45":4},"f":{"0":12,"1":1,"2":2,"3":4,"4":2,"5":2,"6":2,"7":2,"8":0,"9":0,"10":0},"b":{"0":[0],"1":[1],"2":[1,0],"3":[2],"4":[0],"5":[1],"6":[1]}}
,"/Users/killianouzet/Developer/CoursIUT/DevAvance/realtime-elo-ranker-master/apps/realtime-elo-ranker-server/src/player/dto/create-player.dto.ts": {"path":"/Users/killianouzet/Developer/CoursIUT/DevAvance/realtime-elo-ranker-master/apps/realtime-elo-ranker-server/src/player/dto/create-player.dto.ts","statementMap":{"0":{"start":{"line":1,"column":0},"end":{"line":1,"column":13}}},"fnMap":{},"branchMap":{},"s":{"0":1},"f":{},"b":{}}
,"/Users/killianouzet/Developer/CoursIUT/DevAvance/realtime-elo-ranker-master/apps/realtime-elo-ranker-server/src/player/dto/update-player.dto.ts": {"path":"/Users/killianouzet/Developer/CoursIUT/DevAvance/realtime-elo-ranker-master/apps/realtime-elo-ranker-server/src/player/dto/update-player.dto.ts","statementMap":{"0":{"start":{"line":1,"column":0},"end":{"line":1,"column":51}},"1":{"start":{"line":2,"column":0},"end":{"line":2,"column":54}},"2":{"start":{"line":4,"column":0},"end":{"line":4,"column":13}}},"fnMap":{},"branchMap":{},"s":{"0":0,"1":0,"2":0},"f":{},"b":{}}
,"/Users/killianouzet/Developer/CoursIUT/DevAvance/realtime-elo-ranker-master/apps/realtime-elo-ranker-server/src/player/entities/player.entity.ts": {"path":"/Users/killianouzet/Developer/CoursIUT/DevAvance/realtime-elo-ranker-master/apps/realtime-elo-ranker-server/src/player/entities/player.entity.ts","statementMap":{"0":{"start":{"line":1,"column":0},"end":{"line":1,"column":65}},"1":{"start":{"line":4,"column":7},"end":{"line":10,"column":null}},"2":{"start":{"line":4,"column":13},"end":{"line":4,"column":19}},"3":{"start":{"line":6,"column":2},"end":{"line":6,"column":null}},"4":{"start":{"line":9,"column":2},"end":{"line":9,"column":null}},"5":{"start":{"line":4,"column":13},"end":{"line":10,"column":null}}},"fnMap":{},"branchMap":{},"s":{"0":4,"1":4,"2":4,"3":4,"4":4,"5":4},"f":{},"b":{}}
,"/Users/killianouzet/Developer/CoursIUT/DevAvance/realtime-elo-ranker-master/apps/realtime-elo-ranker-server/src/ranking/ranking.controller.ts": {"path":"/Users/killianouzet/Developer/CoursIUT/DevAvance/realtime-elo-ranker-master/apps/realtime-elo-ranker-server/src/ranking/ranking.controller.ts","statementMap":{"0":{"start":{"line":2,"column":0},"end":{"line":2,"column":54}},"1":{"start":{"line":3,"column":0},"end":{"line":3,"column":51}},"2":{"start":{"line":4,"column":0},"end":{"line":4,"column":57}},"3":{"start":{"line":5,"column":0},"end":{"line":5,"column":54}},"4":{"start":{"line":8,"column":7},"end":{"line":53,"column":null}},"5":{"start":{"line":10,"column":21},"end":{"line":10,"column":37}},"6":{"start":{"line":11,"column":21},"end":{"line":11,"column":35}},"7":{"start":{"line":16,"column":26},"end":{"line":28,"column":null}},"8":{"start":{"line":19,"column":24},"end":{"line":27,"column":null}},"9":{"start":{"line":31,"column":26},"end":{"line":43,"column":null}},"10":{"start":{"line":34,"column":24},"end":{"line":42,"column":null}},"11":{"start":{"line":46,"column":4},"end":{"line":46,"column":47}},"12":{"start":{"line":51,"column":4},"end":{"line":51,"column":43}},"13":{"start":{"line":8,"column":13},"end":{"line":8,"column":30}},"14":{"start":{"line":15,"column":2},"end":{"line":47,"column":null}},"15":{"start":{"line":50,"column":2},"end":{"line":52,"column":null}},"16":{"start":{"line":8,"column":13},"end":{"line":53,"column":null}}},"fnMap":{"0":{"name":"(anonymous_2)","decl":{"start":{"line":9,"column":2},"end":{"line":9,"column":null}},"loc":{"start":{"line":11,"column":48},"end":{"line":12,"column":6}}},"1":{"name":"(anonymous_3)","decl":{"start":{"line":15,"column":2},"end":{"line":15,"column":5}},"loc":{"start":{"line":15,"column":5},"end":{"line":47,"column":3}}},"2":{"name":"(anonymous_4)","decl":{"start":{"line":18,"column":8},"end":{"line":18,"column":9}},"loc":{"start":{"line":19,"column":24},"end":{"line":27,"column":null}}},"3":{"name":"(anonymous_5)","decl":{"start":{"line":33,"column":8},"end":{"line":33,"column":9}},"loc":{"start":{"line":34,"column":24},"end":{"line":42,"column":null}}},"4":{"name":"(anonymous_6)","decl":{"start":{"line":50,"column":2},"end":{"line":50,"column":9}},"loc":{"start":{"line":50,"column":9},"end":{"line":52,"column":3}}}},"branchMap":{},"s":{"0":1,"1":1,"2":1,"3":1,"4":1,"5":4,"6":4,"7":1,"8":1,"9":1,"10":0,"11":1,"12":1,"13":1,"14":1,"15":1,"16":1},"f":{"0":4,"1":1,"2":1,"3":0,"4":1},"b":{}}
,"/Users/killianouzet/Developer/CoursIUT/DevAvance/realtime-elo-ranker-master/apps/realtime-elo-ranker-server/src/ranking/ranking.module.ts": {"path":"/Users/killianouzet/Developer/CoursIUT/DevAvance/realtime-elo-ranker-master/apps/realtime-elo-ranker-server/src/ranking/ranking.module.ts","statementMap":{"0":{"start":{"line":1,"column":0},"end":{"line":1,"column":40}},"1":{"start":{"line":2,"column":0},"end":{"line":2,"column":51}},"2":{"start":{"line":3,"column":0},"end":{"line":3,"column":57}},"3":{"start":{"line":10,"column":7},"end":{"line":10,"column":null}},"4":{"start":{"line":10,"column":13},"end":{"line":10,"column":26}},"5":{"start":{"line":10,"column":13},"end":{"line":10,"column":null}}},"fnMap":{},"branchMap":{},"s":{"0":0,"1":0,"2":0,"3":0,"4":0,"5":0},"f":{},"b":{}}
,"/Users/killianouzet/Developer/CoursIUT/DevAvance/realtime-elo-ranker-master/apps/realtime-elo-ranker-server/src/ranking/ranking.service.ts": {"path":"/Users/killianouzet/Developer/CoursIUT/DevAvance/realtime-elo-ranker-master/apps/realtime-elo-ranker-server/src/ranking/ranking.service.ts","statementMap":{"0":{"start":{"line":1,"column":0},"end":{"line":1,"column":44}},"1":{"start":{"line":4,"column":0},"end":{"line":4,"column":54}},"2":{"start":{"line":7,"column":7},"end":{"line":56,"column":null}},"3":{"start":{"line":8,"column":22},"end":{"line":8,"column":36}},"4":{"start":{"line":10,"column":10},"end":{"line":10,"column":42}},"5":{"start":{"line":13,"column":4},"end":{"line":18,"column":39}},"6":{"start":{"line":14,"column":24},"end":{"line":17,"column":8}},"7":{"start":{"line":18,"column":22},"end":{"line":18,"column":37}},"8":{"start":{"line":19,"column":4},"end":{"line":19,"column":23}},"9":{"start":{"line":23,"column":4},"end":{"line":23,"column":23}},"10":{"start":{"line":27,"column":4},"end":{"line":27,"column":39}},"11":{"start":{"line":28,"column":4},"end":{"line":28,"column":48}},"12":{"start":{"line":28,"column":31},"end":{"line":28,"column":46}},"13":{"start":{"line":29,"column":4},"end":{"line":29,"column":63}},"14":{"start":{"line":33,"column":4},"end":{"line":35,"column":6}},"15":{"start":{"line":34,"column":6},"end":{"line":34,"column":78}},"16":{"start":{"line":36,"column":4},"end":{"line":36,"column":48}},"17":{"start":{"line":36,"column":31},"end":{"line":36,"column":46}},"18":{"start":{"line":37,"column":4},"end":{"line":37,"column":63}},"19":{"start":{"line":7,"column":13},"end":{"line":7,"column":27}},"20":{"start":{"line":7,"column":13},"end":{"line":56,"column":null}}},"fnMap":{"0":{"name":"(anonymous_2)","decl":{"start":{"line":8,"column":2},"end":{"line":8,"column":22}},"loc":{"start":{"line":8,"column":49},"end":{"line":8,"column":53}}},"1":{"name":"(anonymous_3)","decl":{"start":{"line":12,"column":2},"end":{"line":12,"column":12}},"loc":{"start":{"line":12,"column":40},"end":{"line":20,"column":3}}},"2":{"name":"(anonymous_4)","decl":{"start":{"line":14,"column":11},"end":{"line":14,"column":12}},"loc":{"start":{"line":14,"column":24},"end":{"line":17,"column":8}}},"3":{"name":"(anonymous_5)","decl":{"start":{"line":18,"column":12},"end":{"line":18,"column":13}},"loc":{"start":{"line":18,"column":22},"end":{"line":18,"column":37}}},"4":{"name":"(anonymous_6)","decl":{"start":{"line":22,"column":2},"end":{"line":22,"column":11}},"loc":{"start":{"line":22,"column":11},"end":{"line":24,"column":3}}},"5":{"name":"(anonymous_7)","decl":{"start":{"line":26,"column":2},"end":{"line":26,"column":11}},"loc":{"start":{"line":26,"column":46},"end":{"line":30,"column":3}}},"6":{"name":"(anonymous_8)","decl":{"start":{"line":28,"column":21},"end":{"line":28,"column":22}},"loc":{"start":{"line":28,"column":31},"end":{"line":28,"column":46}}},"7":{"name":"(anonymous_9)","decl":{"start":{"line":32,"column":2},"end":{"line":32,"column":18}},"loc":{"start":{"line":32,"column":53},"end":{"line":38,"column":3}}},"8":{"name":"(anonymous_10)","decl":{"start":{"line":33,"column":34},"end":{"line":33,"column":35}},"loc":{"start":{"line":34,"column":6},"end":{"line":34,"column":78}}},"9":{"name":"(anonymous_11)","decl":{"start":{"line":36,"column":21},"end":{"line":36,"column":22}},"loc":{"start":{"line":36,"column":31},"end":{"line":36,"column":46}}}},"branchMap":{"0":{"loc":{"start":{"line":34,"column":6},"end":{"line":34,"column":78}},"type":"cond-expr","locations":[{"start":{"line":34,"column":37},"end":{"line":34,"column":74}},{"start":{"line":34,"column":77},"end":{"line":34,"column":78}}]}},"s":{"0":6,"1":6,"2":6,"3":9,"4":9,"5":3,"6":6,"7":3,"8":3,"9":3,"10":1,"11":1,"12":0,"13":1,"14":1,"15":2,"16":1,"17":1,"18":1,"19":6,"20":6},"f":{"0":9,"1":3,"2":6,"3":3,"4":3,"5":1,"6":0,"7":1,"8":2,"9":1},"b":{"0":[1,1]}}
,"/Users/killianouzet/Developer/CoursIUT/DevAvance/realtime-elo-ranker-master/apps/realtime-elo-ranker-server/src/ranking/dto/create-ranking.dto.ts": {"path":"/Users/killianouzet/Developer/CoursIUT/DevAvance/realtime-elo-ranker-master/apps/realtime-elo-ranker-server/src/ranking/dto/create-ranking.dto.ts","statementMap":{"0":{"start":{"line":1,"column":0},"end":{"line":1,"column":13}}},"fnMap":{},"branchMap":{},"s":{"0":0},"f":{},"b":{}}
,"/Users/killianouzet/Developer/CoursIUT/DevAvance/realtime-elo-ranker-master/apps/realtime-elo-ranker-server/src/ranking/dto/update-ranking.dto.ts": {"path":"/Users/killianouzet/Developer/CoursIUT/DevAvance/realtime-elo-ranker-master/apps/realtime-elo-ranker-server/src/ranking/dto/update-ranking.dto.ts","statementMap":{"0":{"start":{"line":1,"column":0},"end":{"line":1,"column":51}},"1":{"start":{"line":2,"column":0},"end":{"line":2,"column":56}},"2":{"start":{"line":4,"column":0},"end":{"line":4,"column":13}}},"fnMap":{},"branchMap":{},"s":{"0":0,"1":0,"2":0},"f":{},"b":{}}
,"/Users/killianouzet/Developer/CoursIUT/DevAvance/realtime-elo-ranker-master/apps/realtime-elo-ranker-server/src/ranking/entities/ranking.entity.ts": {"path":"/Users/killianouzet/Developer/CoursIUT/DevAvance/realtime-elo-ranker-master/apps/realtime-elo-ranker-server/src/ranking/entities/ranking.entity.ts","statementMap":{"0":{"start":{"line":1,"column":0},"end":{"line":1,"column":13}}},"fnMap":{},"branchMap":{},"s":{"0":0},"f":{},"b":{}}
}
