TN:
SF:src/app.controller.ts
FN:6,(anonymous_2)
FN:9,(anonymous_3)
FNF:2
FNH:2
FNDA:2,(anonymous_2)
FNDA:1,(anonymous_3)
DA:1,2
DA:2,2
DA:5,2
DA:6,2
DA:9,2
DA:10,1
LF:6
LH:6
BRF:0
BRH:0
end_of_record
TN:
SF:src/app.module.ts
FN:18,(anonymous_1)
FNF:1
FNH:1
FNDA:1,(anonymous_1)
DA:1,1
DA:2,1
DA:3,1
DA:4,1
DA:5,1
DA:6,1
DA:7,1
DA:8,1
DA:9,1
DA:10,1
DA:19,1
DA:20,1
DA:22,0
DA:35,1
LF:14
LH:13
BRDA:19,0,0,1
BRF:1
BRH:1
end_of_record
TN:
SF:src/app.service.ts
FN:5,(anonymous_1)
FNF:1
FNH:1
FNDA:1,(anonymous_1)
DA:1,2
DA:4,2
DA:6,1
LF:3
LH:3
BRF:0
BRH:0
end_of_record
TN:
SF:src/main.ts
FN:4,bootstrap
FNF:1
FNH:0
FNDA:0,bootstrap
DA:1,0
DA:2,0
DA:5,0
DA:6,0
DA:7,0
DA:9,0
LF:6
LH:0
BRDA:7,0,0,0
BRDA:7,0,1,0
BRF:2
BRH:0
end_of_record
TN:
SF:src/config/test.config.ts
FNF:0
FNH:0
DA:2,1
DA:4,1
LF:2
LH:2
BRF:0
BRH:0
end_of_record
TN:
SF:src/match/match.controller.ts
FN:12,(anonymous_4)
FN:15,(anonymous_5)
FNF:2
FNH:2
FNDA:3,(anonymous_4)
FNDA:1,(anonymous_5)
DA:1,2
DA:7,2
DA:8,2
DA:11,2
DA:12,3
DA:15,2
DA:16,1
DA:17,1
DA:18,1
DA:20,0
DA:21,0
LF:11
LH:9
BRDA:20,0,0,0
BRF:1
BRH:0
end_of_record
TN:
SF:src/match/match.module.ts
FNF:0
FNH:0
DA:1,1
DA:2,1
DA:3,1
DA:4,1
DA:11,1
LF:5
LH:5
BRF:0
BRH:0
end_of_record
TN:
SF:src/match/match.service.ts
FN:11,(anonymous_2)
FN:13,(anonymous_3)
FN:62,(anonymous_4)
FNF:3
FNH:3
FNDA:6,(anonymous_2)
FNDA:2,(anonymous_3)
FNDA:3,(anonymous_4)
DA:1,3
DA:2,3
DA:10,3
DA:11,6
DA:14,2
DA:18,2
DA:19,2
DA:20,2
DA:22,2
DA:23,1
DA:26,1
DA:32,1
DA:36,1
DA:41,1
DA:47,1
DA:48,0
DA:50,1
DA:67,3
DA:69,3
DA:71,3
DA:75,3
DA:76,1
DA:77,1
DA:79,2
DA:80,2
DA:83,3
LF:26
LH:25
BRDA:22,0,0,1
BRDA:22,1,0,2
BRDA:22,1,1,1
BRDA:47,2,0,0
BRDA:47,2,1,1
BRDA:65,3,0,0
BRDA:75,4,0,1
BRDA:75,4,1,2
BRF:8
BRH:6
end_of_record
TN:
SF:src/match/dto/publish-match.dto.ts
FNF:0
FNH:0
DA:1,4
LF:1
LH:1
BRF:0
BRH:0
end_of_record
TN:
SF:src/match/dto/update-match.dto.ts
FNF:0
FNH:0
DA:1,1
DA:2,1
DA:4,1
LF:3
LH:3
BRF:0
BRH:0
end_of_record
TN:
SF:src/player/player.controller.ts
FN:15,(anonymous_4)
FN:18,(anonymous_5)
FN:38,(anonymous_6)
FN:43,(anonymous_7)
FNF:4
FNH:4
FNDA:5,(anonymous_4)
FNDA:1,(anonymous_5)
FNDA:1,(anonymous_6)
FNDA:1,(anonymous_7)
DA:1,2
DA:10,2
DA:11,2
DA:14,2
DA:15,5
DA:18,2
DA:19,1
DA:20,1
DA:21,1
DA:23,0
DA:24,0
DA:28,0
DA:29,0
DA:38,2
DA:39,1
DA:43,2
DA:44,1
LF:17
LH:13
BRDA:23,0,0,0
BRDA:23,0,1,0
BRDA:28,1,0,0
BRF:3
BRH:0
end_of_record
TN:
SF:src/player/player.module.ts
FNF:0
FNH:0
DA:1,1
DA:2,1
DA:3,1
DA:4,1
DA:5,1
DA:6,1
DA:14,1
LF:7
LH:7
BRF:0
BRH:0
end_of_record
TN:
SF:src/player/player.service.ts
FN:15,(anonymous_4)
FN:21,(anonymous_5)
FN:30,(anonymous_6)
FN:49,(anonymous_7)
FN:57,(anonymous_8)
FN:67,(anonymous_9)
FN:72,(anonymous_10)
FN:76,(anonymous_11)
FNF:8
FNH:8
FNDA:13,(anonymous_4)
FNDA:1,(anonymous_5)
FNDA:2,(anonymous_6)
FNDA:4,(anonymous_7)
FNDA:2,(anonymous_8)
FNDA:2,(anonymous_9)
FNDA:2,(anonymous_10)
FNDA:2,(anonymous_11)
DA:1,5
DA:8,5
DA:9,5
DA:10,5
DA:11,5
DA:14,5
DA:17,13
DA:18,13
DA:22,1
DA:23,1
DA:24,1
DA:26,0
DA:31,2
DA:32,0
DA:34,2
DA:37,2
DA:38,1
DA:40,1
DA:41,1
DA:45,1
DA:46,1
DA:50,4
DA:51,4
DA:52,2
DA:54,2
DA:58,2
DA:59,1
DA:60,0
DA:62,1
DA:63,1
DA:64,1
DA:68,2
DA:69,2
DA:70,1
DA:72,2
DA:73,1
DA:77,2
DA:78,2
DA:79,1
DA:81,1
LF:40
LH:37
BRDA:31,0,0,0
BRDA:37,1,0,1
BRDA:40,2,0,1
BRDA:40,2,1,0
BRDA:51,3,0,2
BRDA:59,4,0,0
BRDA:69,5,0,1
BRDA:78,6,0,1
BRF:8
BRH:5
end_of_record
TN:
SF:src/player/dto/create-player.dto.ts
FNF:0
FNH:0
DA:1,4
LF:1
LH:1
BRF:0
BRH:0
end_of_record
TN:
SF:src/player/dto/update-player.dto.ts
FNF:0
FNH:0
DA:1,1
DA:2,1
DA:4,1
LF:3
LH:3
BRF:0
BRH:0
end_of_record
TN:
SF:src/player/entities/player.entity.ts
FNF:0
FNH:0
DA:1,6
DA:4,6
DA:6,6
DA:9,6
LF:4
LH:4
BRF:0
BRH:0
end_of_record
TN:
SF:src/ranking/ranking.controller.ts
FN:9,(anonymous_2)
FN:15,(anonymous_3)
FN:18,(anonymous_4)
FN:33,(anonymous_5)
FN:50,(anonymous_6)
FNF:5
FNH:4
FNDA:5,(anonymous_2)
FNDA:1,(anonymous_3)
FNDA:1,(anonymous_4)
FNDA:0,(anonymous_5)
FNDA:1,(anonymous_6)
DA:2,2
DA:3,2
DA:4,2
DA:5,2
DA:8,2
DA:10,5
DA:11,5
DA:15,2
DA:16,1
DA:19,1
DA:31,1
DA:34,0
DA:46,1
DA:50,2
DA:51,1
LF:15
LH:14
BRF:0
BRH:0
end_of_record
TN:
SF:src/ranking/ranking.module.ts
FNF:0
FNH:0
DA:1,1
DA:2,1
DA:3,1
DA:10,1
LF:4
LH:4
BRF:0
BRH:0
end_of_record
TN:
SF:src/ranking/ranking.service.ts
FN:8,(anonymous_2)
FN:12,(anonymous_3)
FN:14,(anonymous_4)
FN:18,(anonymous_5)
FN:22,(anonymous_6)
FN:26,(anonymous_7)
FN:28,(anonymous_8)
FN:32,(anonymous_9)
FN:33,(anonymous_10)
FN:36,(anonymous_11)
FNF:10
FNH:9
FNDA:10,(anonymous_2)
FNDA:3,(anonymous_3)
FNDA:6,(anonymous_4)
FNDA:3,(anonymous_5)
FNDA:3,(anonymous_6)
FNDA:1,(anonymous_7)
FNDA:0,(anonymous_8)
FNDA:1,(anonymous_9)
FNDA:2,(anonymous_10)
FNDA:1,(anonymous_11)
DA:1,7
DA:4,7
DA:7,7
DA:8,10
DA:10,10
DA:13,3
DA:14,6
DA:18,3
DA:19,3
DA:23,3
DA:27,1
DA:28,1
DA:29,1
DA:33,1
DA:34,2
DA:36,1
DA:37,1
LF:17
LH:17
BRDA:34,0,0,1
BRDA:34,0,1,1
BRF:2
BRH:2
end_of_record
TN:
SF:src/ranking/dto/create-ranking.dto.ts
FNF:0
FNH:0
DA:1,2
LF:1
LH:1
BRF:0
BRH:0
end_of_record
TN:
SF:src/ranking/dto/update-ranking.dto.ts
FNF:0
FNH:0
DA:1,1
DA:2,1
DA:4,1
LF:3
LH:3
BRF:0
BRH:0
end_of_record
